# JRE version: OpenJDK Runtime Environment GraalVM CE 22.3.0 (17.0.5+8) (build 17.0.5+8-jvmci-22.3-b08)
# Java VM: OpenJDK 64-Bit Server VM GraalVM CE 22.3.0 (17.0.5+8-jvmci-22.3-b08, mixed mode, sharing, tiered, jvmci, jvmci compiler, compressed oops, compressed class ptrs, serial gc, linux-amd64)
GC Precious Log:
 CPUs: 4 total, 1 available
 Memory: 1024M
 Large Page Support: Disabled
 NUMA Support: Disabled
 Compressed Oops: Enabled (32-bit)
 Heap Min Capacity: 8M
 Heap Initial Capacity: 16M
 Heap Max Capacity: 256M
 Pre-touch: Disabled
Heap:
 def new generation   total 4928K, used 3713K [0x00000000f0000000, 0x00000000f0550000, 0x00000000f5550000)
  eden space 4416K,  72% used [0x00000000f0000000, 0x00000000f03251e0, 0x00000000f0450000)
  from space 512K,  96% used [0x00000000f0450000, 0x00000000f04cb298, 0x00000000f04d0000)
  to   space 512K,   0% used [0x00000000f04d0000, 0x00000000f04d0000, 0x00000000f0550000)
 tenured generation   total 10944K, used 1017K [0x00000000f5550000, 0x00000000f6000000, 0x0000000100000000)
   the space 10944K,   9% used [0x00000000f5550000, 0x00000000f564e408, 0x00000000f564e600, 0x00000000f6000000)
 Metaspace       used 7930K, committed 8128K, reserved 1064960K
  class space    used 749K, committed 832K, reserved 1048576K
GC Heap History (8 events):
Event: 0.377 GC heap before
{Heap before GC invocations=0 (full 0):
 def new generation   total 4928K, used 4416K [0x00000000f0000000, 0x00000000f0550000, 0x00000000f5550000)
  eden space 4416K, 100% used [0x00000000f0000000, 0x00000000f0450000, 0x00000000f0450000)
  from space 512K,   0% used [0x00000000f0450000, 0x00000000f0450000, 0x00000000f04d0000)
  to   space 512K,   0% used [0x00000000f04d0000, 0x00000000f04d0000, 0x00000000f0550000)
 tenured generation   total 10944K, used 0K [0x00000000f5550000, 0x00000000f6000000, 0x0000000100000000)
   the space 10944K,   0% used [0x00000000f5550000, 0x00000000f5550000, 0x00000000f5550200, 0x00000000f6000000)
 Metaspace       used 1061K, committed 1216K, reserved 1056768K
  class space    used 41K, committed 128K, reserved 1048576K
}
Event: 0.380 GC heap after
{Heap after GC invocations=1 (full 0):
 def new generation   total 4928K, used 511K [0x00000000f0000000, 0x00000000f0550000, 0x00000000f5550000)
  eden space 4416K,   0% used [0x00000000f0000000, 0x00000000f0000000, 0x00000000f0450000)
  from space 512K,  99% used [0x00000000f04d0000, 0x00000000f054fff8, 0x00000000f0550000)
  to   space 512K,   0% used [0x00000000f0450000, 0x00000000f0450000, 0x00000000f04d0000)
 tenured generation   total 10944K, used 522K [0x00000000f5550000, 0x00000000f6000000, 0x0000000100000000)
   the space 10944K,   4% used [0x00000000f5550000, 0x00000000f55d2978, 0x00000000f55d2a00, 0x00000000f6000000)
 Metaspace       used 1061K, committed 1216K, reserved 1056768K
  class space    used 41K, committed 128K, reserved 1048576K
}
Event: 0.577 GC heap before
{Heap before GC invocations=1 (full 0):
 def new generation   total 4928K, used 4900K [0x00000000f0000000, 0x00000000f0550000, 0x00000000f5550000)
  eden space 4416K,  99% used [0x00000000f0000000, 0x00000000f0449260, 0x00000000f0450000)
  from space 512K,  99% used [0x00000000f04d0000, 0x00000000f054fff8, 0x00000000f0550000)
  to   space 512K,   0% used [0x00000000f0450000, 0x00000000f0450000, 0x00000000f04d0000)
 tenured generation   total 10944K, used 522K [0x00000000f5550000, 0x00000000f6000000, 0x0000000100000000)
   the space 10944K,   4% used [0x00000000f5550000, 0x00000000f55d2978, 0x00000000f55d2a00, 0x00000000f6000000)
 Metaspace       used 2619K, committed 2752K, reserved 1056768K
  class space    used 131K, committed 192K, reserved 1048576K
}
Event: 0.579 GC heap after
{Heap after GC invocations=2 (full 0):
 def new generation   total 4928K, used 269K [0x00000000f0000000, 0x00000000f0550000, 0x00000000f5550000)
  eden space 4416K,   0% used [0x00000000f0000000, 0x00000000f0000000, 0x00000000f0450000)
  from space 512K,  52% used [0x00000000f0450000, 0x00000000f04934f0, 0x00000000f04d0000)
  to   space 512K,   0% used [0x00000000f04d0000, 0x00000000f04d0000, 0x00000000f0550000)
 tenured generation   total 10944K, used 945K [0x00000000f5550000, 0x00000000f6000000, 0x0000000100000000)
   the space 10944K,   8% used [0x00000000f5550000, 0x00000000f563c4d8, 0x00000000f563c600, 0x00000000f6000000)
 Metaspace       used 2619K, committed 2752K, reserved 1056768K
  class space    used 131K, committed 192K, reserved 1048576K
}
Event: 0.964 GC heap before
{Heap before GC invocations=2 (full 0):
 def new generation   total 4928K, used 4685K [0x00000000f0000000, 0x00000000f0550000, 0x00000000f5550000)
  eden space 4416K, 100% used [0x00000000f0000000, 0x00000000f0450000, 0x00000000f0450000)
  from space 512K,  52% used [0x00000000f0450000, 0x00000000f04934f0, 0x00000000f04d0000)
  to   space 512K,   0% used [0x00000000f04d0000, 0x00000000f04d0000, 0x00000000f0550000)
 tenured generation   total 10944K, used 945K [0x00000000f5550000, 0x00000000f6000000, 0x0000000100000000)
   the space 10944K,   8% used [0x00000000f5550000, 0x00000000f563c4d8, 0x00000000f563c600, 0x00000000f6000000)
 Metaspace       used 4567K, committed 4736K, reserved 1056768K
  class space    used 360K, committed 448K, reserved 1048576K
}
Event: 0.966 GC heap after
{Heap after GC invocations=3 (full 0):
 def new generation   total 4928K, used 187K [0x00000000f0000000, 0x00000000f0550000, 0x00000000f5550000)
  eden space 4416K,   0% used [0x00000000f0000000, 0x00000000f0000000, 0x00000000f0450000)
  from space 512K,  36% used [0x00000000f04d0000, 0x00000000f04fee90, 0x00000000f0550000)
  to   space 512K,   0% used [0x00000000f0450000, 0x00000000f0450000, 0x00000000f04d0000)
 tenured generation   total 10944K, used 1017K [0x00000000f5550000, 0x00000000f6000000, 0x0000000100000000)
   the space 10944K,   9% used [0x00000000f5550000, 0x00000000f564e408, 0x00000000f564e600, 0x00000000f6000000)
 Metaspace       used 4567K, committed 4736K, reserved 1056768K
  class space    used 360K, committed 448K, reserved 1048576K
}
Event: 1.387 GC heap before
{Heap before GC invocations=3 (full 0):
 def new generation   total 4928K, used 4603K [0x00000000f0000000, 0x00000000f0550000, 0x00000000f5550000)
  eden space 4416K, 100% used [0x00000000f0000000, 0x00000000f0450000, 0x00000000f0450000)
  from space 512K,  36% used [0x00000000f04d0000, 0x00000000f04fee90, 0x00000000f0550000)
  to   space 512K,   0% used [0x00000000f0450000, 0x00000000f0450000, 0x00000000f04d0000)
 tenured generation   total 10944K, used 1017K [0x00000000f5550000, 0x00000000f6000000, 0x0000000100000000)
   the space 10944K,   9% used [0x00000000f5550000, 0x00000000f564e408, 0x00000000f564e600, 0x00000000f6000000)
 Metaspace       used 6725K, committed 6848K, reserved 1064960K
  class space    used 636K, committed 704K, reserved 1048576K
}
Event: 1.389 GC heap after
{Heap after GC invocations=4 (full 0):
 def new generation   total 4928K, used 492K [0x00000000f0000000, 0x00000000f0550000, 0x00000000f5550000)
  eden space 4416K,   0% used [0x00000000f0000000, 0x00000000f0000000, 0x00000000f0450000)
  from space 512K,  96% used [0x00000000f0450000, 0x00000000f04cb298, 0x00000000f04d0000)
  to   space 512K,   0% used [0x00000000f04d0000, 0x00000000f04d0000, 0x00000000f0550000)
 tenured generation   total 10944K, used 1017K [0x00000000f5550000, 0x00000000f6000000, 0x0000000100000000)
   the space 10944K,   9% used [0x00000000f5550000, 0x00000000f564e408, 0x00000000f564e600, 0x00000000f6000000)
 Metaspace       used 6725K, committed 6848K, reserved 1064960K
  class space    used 636K, committed 704K, reserved 1048576K
}

